Drill report for workshop.kicad_pcb
Created on 2024-03-02T14:55:14-0500

Copper Layer Stackup:
    =============================================================
    L1 :  F.Cu                      front
    L2 :  B.Cu                      back


Drill file 'workshop-PTH.drl' contains
    plated through holes:
    =============================================================
    T1  0.450mm  0.0177"  (6 holes)
    T2  0.600mm  0.0236"  (2 holes)  (with 2 slots)
    T3  0.800mm  0.0315"  (10 holes)
    T4  0.850mm  0.0335"  (2 holes)
    T5  0.900mm  0.0354"  (4 holes)
    T6  1.000mm  0.0394"  (2 holes)
    T7  1.100mm  0.0433"  (4 holes)

    Total plated holes count 30


Drill file 'workshop-NPTH.drl' contains
    unplated through holes:
    =============================================================

    Total unplated holes count 0
